#
# There is insufficient memory for the Java Runtime Environment to continue.
# Native memory allocation (malloc) failed to allocate 319056 bytes for Chunk::new
# Possible reasons:
#   The system is out of physical RAM or swap space
#   The process is running with CompressedOops enabled, and the Java Heap may be blocking the growth of the native heap
# Possible solutions:
#   Reduce memory load on the system
#   Increase physical memory or swap space
#   Check if swap backing store is full
#   Decrease Java heap size (-Xmx/-Xms)
#   Decrease number of Java threads
#   Decrease Java thread stack sizes (-Xss)
#   Set larger code cache with -XX:ReservedCodeCacheSize=
#   JVM is running with Zero Based Compressed Oops mode in which the Java heap is
#     placed in the first 32GB address space. The Java Heap base address is the
#     maximum limit for the native heap growth. Please use -XX:HeapBaseMinAddress
#     to set the Java Heap base and to place the Java Heap above 32GB virtual address.
# This output file may be truncated or incomplete.
#
#  Out of Memory Error (src/hotspot/share/memory/arena.cpp:197), pid=15540, tid=22240
#
# JRE version: OpenJDK Runtime Environment JBR-11.0.15.10-2043.56-jcef (11.0.15+10) (build 11.0.15+10-b2043.56)
# Java VM: OpenJDK 64-Bit Server VM JBR-11.0.15.10-2043.56-jcef (11.0.15+10-b2043.56, mixed mode, tiered, compressed oops, g1 gc, windows-amd64)
# No core dump will be written. Minidumps are not enabled by default on client versions of Windows
#

---------------  S U M M A R Y ------------

Command Line: git4idea.http.GitAskPassApp Username for 'https://github.com': 

Host: Intel(R) Core(TM) i7-10510U CPU @ 1.80GHz, 8 cores, 15G,  Windows 10 , 64 bit Build 18362 (10.0.18362.1500)
Time: Thu Dec  8 17:57:07 2022 中国标准时间 elapsed time: 1.179899 seconds (0d 0h 0m 1s)

---------------  T H R E A D  ---------------

Current thread (0x0000022ab5f6f000):  JavaThread "C2 CompilerThread0" daemon [_thread_in_native, id=22240, stack(0x0000006dcab00000,0x0000006dcac00000)]


Current CompileTask:
C2:   1179  312       4       java.util.zip.ZipFile$Source::initCEN (697 bytes)

Stack: [0x0000006dcab00000,0x0000006dcac00000]
Native frames: (J=compiled Java code, j=interpreted, Vv=VM code, C=native code)
V  [jvm.dll+0x61612a]
V  [jvm.dll+0x79c450]
V  [jvm.dll+0x79da6d]
V  [jvm.dll+0x79e143]
V  [jvm.dll+0x24cc18]
V  [jvm.dll+0xc15ac]
V  [jvm.dll+0xc1adc]
V  [jvm.dll+0x362f6b]
V  [jvm.dll+0x32df33]
V  [jvm.dll+0x32d42a]
V  [jvm.dll+0x205352]
V  [jvm.dll+0x2044d7]
V  [jvm.dll+0x18b6b1]
V  [jvm.dll+0x2131bf]
V  [jvm.dll+0x211a61]
V  [jvm.dll+0x76300f]
V  [jvm.dll+0x75bc15]
V  [jvm.dll+0x614d96]
C  [ucrtbase.dll+0x210b2]
C  [KERNEL32.DLL+0x17c24]
C  [ntdll.dll+0x6d721]


---------------  P R O C E S S  ---------------

Threads class SMR info:
_java_thread_list=0x0000022ab60bcb20, length=10, elements={
0x0000022a96485000, 0x0000022ab5ef0800, 0x0000022ab5ef9000, 0x0000022ab5f69800,
0x0000022ab5f6a800, 0x0000022ab5f6c000, 0x0000022ab5f6f000, 0x0000022ab5f71000,
0x0000022ab5f72800, 0x0000022ab60e2800
}

Java Threads: ( => current thread )
  0x0000022a96485000 JavaThread "main" [_thread_in_Java, id=7300, stack(0x0000006dc9f00000,0x0000006dca000000)]
  0x0000022ab5ef0800 JavaThread "Reference Handler" daemon [_thread_blocked, id=25332, stack(0x0000006dca600000,0x0000006dca700000)]
  0x0000022ab5ef9000 JavaThread "Finalizer" daemon [_thread_blocked, id=19488, stack(0x0000006dca700000,0x0000006dca800000)]
  0x0000022ab5f69800 JavaThread "Signal Dispatcher" daemon [_thread_blocked, id=25712, stack(0x0000006dca800000,0x0000006dca900000)]
  0x0000022ab5f6a800 JavaThread "Attach Listener" daemon [_thread_blocked, id=23768, stack(0x0000006dca900000,0x0000006dcaa00000)]
  0x0000022ab5f6c000 JavaThread "Service Thread" daemon [_thread_blocked, id=13052, stack(0x0000006dcaa00000,0x0000006dcab00000)]
=>0x0000022ab5f6f000 JavaThread "C2 CompilerThread0" daemon [_thread_in_native, id=22240, stack(0x0000006dcab00000,0x0000006dcac00000)]
  0x0000022ab5f71000 JavaThread "C1 CompilerThread0" daemon [_thread_blocked, id=10828, stack(0x0000006dcac00000,0x0000006dcad00000)]
  0x0000022ab5f72800 JavaThread "Sweeper thread" daemon [_thread_blocked, id=24356, stack(0x0000006dcad00000,0x0000006dcae00000)]
  0x0000022ab60e2800 JavaThread "Common-Cleaner" daemon [_thread_blocked, id=11532, stack(0x0000006dcaf00000,0x0000006dcb000000)]

Other Threads:
  0x0000022ab5ecc800 VMThread "VM Thread" [stack: 0x0000006dca500000,0x0000006dca600000] [id=5768]
  0x0000022ab60dd800 WatcherThread [stack: 0x0000006dcae00000,0x0000006dcaf00000] [id=30440]
  0x0000022a9649e000 GCTaskThread "GC Thread#0" [stack: 0x0000006dca000000,0x0000006dca100000] [id=2388]
  0x0000022aa93c7000 ConcurrentGCThread "G1 Main Marker" [stack: 0x0000006dca100000,0x0000006dca200000] [id=30752]
  0x0000022aa93c8800 ConcurrentGCThread "G1 Conc#0" [stack: 0x0000006dca200000,0x0000006dca300000] [id=3972]
  0x0000022aa94e6800 ConcurrentGCThread "G1 Refine#0" [stack: 0x0000006dca300000,0x0000006dca400000] [id=20592]
  0x0000022aa94e7800 ConcurrentGCThread "G1 Young RemSet Sampling" [stack: 0x0000006dca400000,0x0000006dca500000] [id=18888]

Threads with active compile tasks:
C2 CompilerThread0     1230  312       4       java.util.zip.ZipFile$Source::initCEN (697 bytes)

VM state:not at safepoint (normal execution)

VM Mutex/Monitor currently owned by a thread: None

Heap address: 0x0000000702400000, size: 4060 MB, Compressed Oops mode: Zero based, Oop shift amount: 3
Narrow klass base: 0x0000000800000000, Narrow klass shift: 0
Compressed class space size: 1073741824 Address: 0x0000000800000000

Heap:
 garbage-first heap   total 260096K, used 19456K [0x0000000702400000, 0x0000000800000000)
  region size 1024K, 6 young (6144K), 0 survivors (0K)
 Metaspace       used 6334K, capacity 6485K, committed 6528K, reserved 1062912K
  class space    used 542K, capacity 606K, committed 640K, reserved 1048576K
Heap Regions: E=young(eden), S=young(survivor), O=old, HS=humongous(starts), HC=humongous(continues), CS=collection set, F=free, A=archive, TAMS=top-at-mark-start (previous, next)
|   0|0x0000000702400000, 0x0000000702500000, 0x0000000702500000|100%|HS|  |TAMS 0x0000000702400000, 0x0000000702400000| Complete 
|   1|0x0000000702500000, 0x0000000702600000, 0x0000000702600000|100%|HC|  |TAMS 0x0000000702500000, 0x0000000702500000| Complete 
|   2|0x0000000702600000, 0x0000000702700000, 0x0000000702700000|100%|HC|  |TAMS 0x0000000702600000, 0x0000000702600000| Complete 
|   3|0x0000000702700000, 0x0000000702800000, 0x0000000702800000|100%|HC|  |TAMS 0x0000000702700000, 0x0000000702700000| Complete 
|   4|0x0000000702800000, 0x0000000702900000, 0x0000000702900000|100%|HC|  |TAMS 0x0000000702800000, 0x0000000702800000| Complete 
|   5|0x0000000702900000, 0x0000000702a00000, 0x0000000702a00000|100%|HC|  |TAMS 0x0000000702900000, 0x0000000702900000| Complete 
|   6|0x0000000702a00000, 0x0000000702b00000, 0x0000000702b00000|100%|HC|  |TAMS 0x0000000702a00000, 0x0000000702a00000| Complete 
|   7|0x0000000702b00000, 0x0000000702c00000, 0x0000000702c00000|100%|HC|  |TAMS 0x0000000702b00000, 0x0000000702b00000| Complete 
|   8|0x0000000702c00000, 0x0000000702d00000, 0x0000000702d00000|100%|HC|  |TAMS 0x0000000702c00000, 0x0000000702c00000| Complete 
|   9|0x0000000702d00000, 0x0000000702e00000, 0x0000000702e00000|100%|HC|  |TAMS 0x0000000702d00000, 0x0000000702d00000| Complete 
|  10|0x0000000702e00000, 0x0000000702f00000, 0x0000000702f00000|100%|HC|  |TAMS 0x0000000702e00000, 0x0000000702e00000| Complete 
|  11|0x0000000702f00000, 0x0000000703000000, 0x0000000703000000|100%|HS|  |TAMS 0x0000000702f00000, 0x0000000702f00000| Complete 
|  12|0x0000000703000000, 0x0000000703100000, 0x0000000703100000|100%|HC|  |TAMS 0x0000000703000000, 0x0000000703000000| Complete 
|  13|0x0000000703100000, 0x0000000703200000, 0x0000000703200000|100%|HS|  |TAMS 0x0000000703100000, 0x0000000703100000| Complete 
|  14|0x0000000703200000, 0x0000000703300000, 0x0000000703300000|100%|HC|  |TAMS 0x0000000703200000, 0x0000000703200000| Complete 
|  15|0x0000000703300000, 0x0000000703300000, 0x0000000703400000|  0%| F|  |TAMS 0x0000000703300000, 0x0000000703300000| Untracked 
|  16|0x0000000703400000, 0x0000000703400000, 0x0000000703500000|  0%| F|  |TAMS 0x0000000703400000, 0x0000000703400000| Untracked 
|  17|0x0000000703500000, 0x0000000703500000, 0x0000000703600000|  0%| F|  |TAMS 0x0000000703500000, 0x0000000703500000| Untracked 
|  18|0x0000000703600000, 0x0000000703600000, 0x0000000703700000|  0%| F|  |TAMS 0x0000000703600000, 0x0000000703600000| Untracked 
|  19|0x0000000703700000, 0x0000000703700000, 0x0000000703800000|  0%| F|  |TAMS 0x0000000703700000, 0x0000000703700000| Untracked 
|  20|0x0000000703800000, 0x0000000703800000, 0x0000000703900000|  0%| F|  |TAMS 0x0000000703800000, 0x0000000703800000| Untracked 
|  21|0x0000000703900000, 0x0000000703900000, 0x0000000703a00000|  0%| F|  |TAMS 0x0000000703900000, 0x0000000703900000| Untracked 
|  22|0x0000000703a00000, 0x0000000703a00000, 0x0000000703b00000|  0%| F|  |TAMS 0x0000000703a00000, 0x0000000703a00000| Untracked 
|  23|0x0000000703b00000, 0x0000000703b00000, 0x0000000703c00000|  0%| F|  |TAMS 0x0000000703b00000, 0x0000000703b00000| Untracked 
|  24|0x0000000703c00000, 0x0000000703c00000, 0x0000000703d00000|  0%| F|  |TAMS 0x0000000703c00000, 0x0000000703c00000| Untracked 
|  25|0x0000000703d00000, 0x0000000703d00000, 0x0000000703e00000|  0%| F|  |TAMS 0x0000000703d00000, 0x0000000703d00000| Untracked 
|  26|0x0000000703e00000, 0x0000000703e00000, 0x0000000703f00000|  0%| F|  |TAMS 0x0000000703e00000, 0x0000000703e00000| Untracked 
|  27|0x0000000703f00000, 0x0000000703f00000, 0x0000000704000000|  0%| F|  |TAMS 0x0000000703f00000, 0x0000000703f00000| Untracked 
|  28|0x0000000704000000, 0x0000000704000000, 0x0000000704100000|  0%| F|  |TAMS 0x0000000704000000, 0x0000000704000000| Untracked 
|  29|0x0000000704100000, 0x0000000704100000, 0x0000000704200000|  0%| F|  |TAMS 0x0000000704100000, 0x0000000704100000| Untracked 
|  30|0x0000000704200000, 0x0000000704200000, 0x0000000704300000|  0%| F|  |TAMS 0x0000000704200000, 0x0000000704200000| Untracked 
|  31|0x0000000704300000, 0x0000000704300000, 0x0000000704400000|  0%| F|  |TAMS 0x0000000704300000, 0x0000000704300000| Untracked 
|  32|0x0000000704400000, 0x0000000704400000, 0x0000000704500000|  0%| F|  |TAMS 0x0000000704400000, 0x0000000704400000| Untracked 
|  33|0x0000000704500000, 0x0000000704500000, 0x0000000704600000|  0%| F|  |TAMS 0x0000000704500000, 0x0000000704500000| Untracked 
|  34|0x0000000704600000, 0x0000000704600000, 0x0000000704700000|  0%| F|  |TAMS 0x0000000704600000, 0x0000000704600000| Untracked 
|  35|0x0000000704700000, 0x0000000704700000, 0x0000000704800000|  0%| F|  |TAMS 0x0000000704700000, 0x0000000704700000| Untracked 
|  36|0x0000000704800000, 0x0000000704800000, 0x0000000704900000|  0%| F|  |TAMS 0x0000000704800000, 0x0000000704800000| Untracked 
|  37|0x0000000704900000, 0x0000000704900000, 0x0000000704a00000|  0%| F|  |TAMS 0x0000000704900000, 0x0000000704900000| Untracked 
|  38|0x0000000704a00000, 0x0000000704a00000, 0x0000000704b00000|  0%| F|  |TAMS 0x0000000704a00000, 0x0000000704a00000| Untracked 
|  39|0x0000000704b00000, 0x0000000704b00000, 0x0000000704c00000|  0%| F|  |TAMS 0x0000000704b00000, 0x0000000704b00000| Untracked 
|  40|0x0000000704c00000, 0x0000000704c00000, 0x0000000704d00000|  0%| F|  |TAMS 0x0000000704c00000, 0x0000000704c00000| Untracked 
|  41|0x0000000704d00000, 0x0000000704d00000, 0x0000000704e00000|  0%| F|  |TAMS 0x0000000704d00000, 0x0000000704d00000| Untracked 
|  42|0x0000000704e00000, 0x0000000704e00000, 0x0000000704f00000|  0%| F|  |TAMS 0x0000000704e00000, 0x0000000704e00000| Untracked 
|  43|0x0000000704f00000, 0x0000000704f00000, 0x0000000705000000|  0%| F|  |TAMS 0x0000000704f00000, 0x0000000704f00000| Untracked 
|  44|0x0000000705000000, 0x0000000705000000, 0x0000000705100000|  0%| F|  |TAMS 0x0000000705000000, 0x0000000705000000| Untracked 
|  45|0x0000000705100000, 0x0000000705100000, 0x0000000705200000|  0%| F|  |TAMS 0x0000000705100000, 0x0000000705100000| Untracked 
|  46|0x0000000705200000, 0x0000000705200000, 0x0000000705300000|  0%| F|  |TAMS 0x0000000705200000, 0x0000000705200000| Untracked 
|  47|0x0000000705300000, 0x0000000705300000, 0x0000000705400000|  0%| F|  |TAMS 0x0000000705300000, 0x0000000705300000| Untracked 
|  48|0x0000000705400000, 0x0000000705400000, 0x0000000705500000|  0%| F|  |TAMS 0x0000000705400000, 0x0000000705400000| Untracked 
|  49|0x0000000705500000, 0x0000000705500000, 0x0000000705600000|  0%| F|  |TAMS 0x0000000705500000, 0x0000000705500000| Untracked 
|  50|0x0000000705600000, 0x0000000705600000, 0x0000000705700000|  0%| F|  |TAMS 0x0000000705600000, 0x0000000705600000| Untracked 
|  51|0x0000000705700000, 0x0000000705700000, 0x0000000705800000|  0%| F|  |TAMS 0x0000000705700000, 0x0000000705700000| Untracked 
|  52|0x0000000705800000, 0x0000000705800000, 0x0000000705900000|  0%| F|  |TAMS 0x0000000705800000, 0x0000000705800000| Untracked 
|  53|0x0000000705900000, 0x0000000705900000, 0x0000000705a00000|  0%| F|  |TAMS 0x0000000705900000, 0x0000000705900000| Untracked 
|  54|0x0000000705a00000, 0x0000000705a00000, 0x0000000705b00000|  0%| F|  |TAMS 0x0000000705a00000, 0x0000000705a00000| Untracked 
|  55|0x0000000705b00000, 0x0000000705b00000, 0x0000000705c00000|  0%| F|  |TAMS 0x0000000705b00000, 0x0000000705b00000| Untracked 
|  56|0x0000000705c00000, 0x0000000705c00000, 0x0000000705d00000|  0%| F|  |TAMS 0x0000000705c00000, 0x0000000705c00000| Untracked 
|  57|0x0000000705d00000, 0x0000000705d00000, 0x0000000705e00000|  0%| F|  |TAMS 0x0000000705d00000, 0x0000000705d00000| Untracked 
|  58|0x0000000705e00000, 0x0000000705e00000, 0x0000000705f00000|  0%| F|  |TAMS 0x0000000705e00000, 0x0000000705e00000| Untracked 
|  59|0x0000000705f00000, 0x0000000705f00000, 0x0000000706000000|  0%| F|  |TAMS 0x0000000705f00000, 0x0000000705f00000| Untracked 
|  60|0x0000000706000000, 0x0000000706000000, 0x0000000706100000|  0%| F|  |TAMS 0x0000000706000000, 0x0000000706000000| Untracked 
|  61|0x0000000706100000, 0x0000000706100000, 0x0000000706200000|  0%| F|  |TAMS 0x0000000706100000, 0x0000000706100000| Untracked 
|  62|0x0000000706200000, 0x0000000706200000, 0x0000000706300000|  0%| F|  |TAMS 0x0000000706200000, 0x0000000706200000| Untracked 
|  63|0x0000000706300000, 0x0000000706300000, 0x0000000706400000|  0%| F|  |TAMS 0x0000000706300000, 0x0000000706300000| Untracked 
|  64|0x0000000706400000, 0x0000000706400000, 0x0000000706500000|  0%| F|  |TAMS 0x0000000706400000, 0x0000000706400000| Untracked 
|  65|0x0000000706500000, 0x0000000706500000, 0x0000000706600000|  0%| F|  |TAMS 0x0000000706500000, 0x0000000706500000| Untracked 
|  66|0x0000000706600000, 0x0000000706600000, 0x0000000706700000|  0%| F|  |TAMS 0x0000000706600000, 0x0000000706600000| Untracked 
|  67|0x0000000706700000, 0x0000000706700000, 0x0000000706800000|  0%| F|  |TAMS 0x0000000706700000, 0x0000000706700000| Untracked 
|  68|0x0000000706800000, 0x0000000706800000, 0x0000000706900000|  0%| F|  |TAMS 0x0000000706800000, 0x0000000706800000| Untracked 
|  69|0x0000000706900000, 0x0000000706900000, 0x0000000706a00000|  0%| F|  |TAMS 0x0000000706900000, 0x0000000706900000| Untracked 
|  70|0x0000000706a00000, 0x0000000706a00000, 0x0000000706b00000|  0%| F|  |TAMS 0x0000000706a00000, 0x0000000706a00000| Untracked 
|  71|0x0000000706b00000, 0x0000000706b00000, 0x0000000706c00000|  0%| F|  |TAMS 0x0000000706b00000, 0x0000000706b00000| Untracked 
|  72|0x0000000706c00000, 0x0000000706c00000, 0x0000000706d00000|  0%| F|  |TAMS 0x0000000706c00000, 0x0000000706c00000| Untracked 
|  73|0x0000000706d00000, 0x0000000706d00000, 0x0000000706e00000|  0%| F|  |TAMS 0x0000000706d00000, 0x0000000706d00000| Untracked 
|  74|0x0000000706e00000, 0x0000000706e00000, 0x0000000706f00000|  0%| F|  |TAMS 0x0000000706e00000, 0x0000000706e00000| Untracked 
|  75|0x0000000706f00000, 0x0000000706f00000, 0x0000000707000000|  0%| F|  |TAMS 0x0000000706f00000, 0x0000000706f00000| Untracked 
|  76|0x0000000707000000, 0x0000000707000000, 0x0000000707100000|  0%| F|  |TAMS 0x0000000707000000, 0x0000000707000000| Untracked 
|  77|0x0000000707100000, 0x0000000707100000, 0x0000000707200000|  0%| F|  |TAMS 0x0000000707100000, 0x0000000707100000| Untracked 
|  78|0x0000000707200000, 0x0000000707200000, 0x0000000707300000|  0%| F|  |TAMS 0x0000000707200000, 0x0000000707200000| Untracked 
|  79|0x0000000707300000, 0x0000000707300000, 0x0000000707400000|  0%| F|  |TAMS 0x0000000707300000, 0x0000000707300000| Untracked 
|  80|0x0000000707400000, 0x0000000707400000, 0x0000000707500000|  0%| F|  |TAMS 0x0000000707400000, 0x0000000707400000| Untracked 
|  81|0x0000000707500000, 0x0000000707500000, 0x0000000707600000|  0%| F|  |TAMS 0x0000000707500000, 0x0000000707500000| Untracked 
|  82|0x0000000707600000, 0x0000000707600000, 0x0000000707700000|  0%| F|  |TAMS 0x0000000707600000, 0x0000000707600000| Untracked 
|  83|0x0000000707700000, 0x0000000707700000, 0x0000000707800000|  0%| F|  |TAMS 0x0000000707700000, 0x0000000707700000| Untracked 
|  84|0x0000000707800000, 0x0000000707800000, 0x0000000707900000|  0%| F|  |TAMS 0x0000000707800000, 0x0000000707800000| Untracked 
|  85|0x0000000707900000, 0x0000000707900000, 0x0000000707a00000|  0%| F|  |TAMS 0x0000000707900000, 0x0000000707900000| Untracked 
|  86|0x0000000707a00000, 0x0000000707a00000, 0x0000000707b00000|  0%| F|  |TAMS 0x0000000707a00000, 0x0000000707a00000| Untracked 
|  87|0x0000000707b00000, 0x0000000707b00000, 0x0000000707c00000|  0%| F|  |TAMS 0x0000000707b00000, 0x0000000707b00000| Untracked 
|  88|0x0000000707c00000, 0x0000000707c00000, 0x0000000707d00000|  0%| F|  |TAMS 0x0000000707c00000, 0x0000000707c00000| Untracked 
|  89|0x0000000707d00000, 0x0000000707d00000, 0x0000000707e00000|  0%| F|  |TAMS 0x0000000707d00000, 0x0000000707d00000| Untracked 
|  90|0x0000000707e00000, 0x0000000707e00000, 0x0000000707f00000|  0%| F|  |TAMS 0x0000000707e00000, 0x0000000707e00000| Untracked 
|  91|0x0000000707f00000, 0x0000000707f00000, 0x0000000708000000|  0%| F|  |TAMS 0x0000000707f00000, 0x0000000707f00000| Untracked 
|  92|0x0000000708000000, 0x0000000708000000, 0x0000000708100000|  0%| F|  |TAMS 0x0000000708000000, 0x0000000708000000| Untracked 
|  93|0x0000000708100000, 0x0000000708100000, 0x0000000708200000|  0%| F|  |TAMS 0x0000000708100000, 0x0000000708100000| Untracked 
|  94|0x0000000708200000, 0x0000000708200000, 0x0000000708300000|  0%| F|  |TAMS 0x0000000708200000, 0x0000000708200000| Untracked 
|  95|0x0000000708300000, 0x0000000708300000, 0x0000000708400000|  0%| F|  |TAMS 0x0000000708300000, 0x0000000708300000| Untracked 
|  96|0x0000000708400000, 0x0000000708400000, 0x0000000708500000|  0%| F|  |TAMS 0x0000000708400000, 0x0000000708400000| Untracked 
|  97|0x0000000708500000, 0x0000000708500000, 0x0000000708600000|  0%| F|  |TAMS 0x0000000708500000, 0x0000000708500000| Untracked 
|  98|0x0000000708600000, 0x0000000708600000, 0x0000000708700000|  0%| F|  |TAMS 0x0000000708600000, 0x0000000708600000| Untracked 
|  99|0x0000000708700000, 0x0000000708700000, 0x0000000708800000|  0%| F|  |TAMS 0x0000000708700000, 0x0000000708700000| Untracked 
| 100|0x0000000708800000, 0x0000000708800000, 0x0000000708900000|  0%| F|  |TAMS 0x0000000708800000, 0x0000000708800000| Untracked 
| 101|0x0000000708900000, 0x0000000708900000, 0x0000000708a00000|  0%| F|  |TAMS 0x0000000708900000, 0x0000000708900000| Untracked 
| 102|0x0000000708a00000, 0x0000000708a00000, 0x0000000708b00000|  0%| F|  |TAMS 0x0000000708a00000, 0x0000000708a00000| Untracked 
| 103|0x0000000708b00000, 0x0000000708b00000, 0x0000000708c00000|  0%| F|  |TAMS 0x0000000708b00000, 0x0000000708b00000| Untracked 
| 104|0x0000000708c00000, 0x0000000708c00000, 0x0000000708d00000|  0%| F|  |TAMS 0x0000000708c00000, 0x0000000708c00000| Untracked 
| 105|0x0000000708d00000, 0x0000000708d00000, 0x0000000708e00000|  0%| F|  |TAMS 0x0000000708d00000, 0x0000000708d00000| Untracked 
| 106|0x0000000708e00000, 0x0000000708e00000, 0x0000000708f00000|  0%| F|  |TAMS 0x0000000708e00000, 0x0000000708e00000| Untracked 
| 107|0x0000000708f00000, 0x0000000708f00000, 0x0000000709000000|  0%| F|  |TAMS 0x0000000708f00000, 0x0000000708f00000| Untracked 
| 108|0x0000000709000000, 0x0000000709000000, 0x0000000709100000|  0%| F|  |TAMS 0x0000000709000000, 0x0000000709000000| Untracked 
| 109|0x0000000709100000, 0x0000000709100000, 0x0000000709200000|  0%| F|  |TAMS 0x0000000709100000, 0x0000000709100000| Untracked 
| 110|0x0000000709200000, 0x0000000709200000, 0x0000000709300000|  0%| F|  |TAMS 0x0000000709200000, 0x0000000709200000| Untracked 
| 111|0x0000000709300000, 0x0000000709300000, 0x0000000709400000|  0%| F|  |TAMS 0x0000000709300000, 0x0000000709300000| Untracked 
| 112|0x0000000709400000, 0x0000000709400000, 0x0000000709500000|  0%| F|  |TAMS 0x0000000709400000, 0x0000000709400000| Untracked 
| 113|0x0000000709500000, 0x0000000709500000, 0x0000000709600000|  0%| F|  |TAMS 0x0000000709500000, 0x0000000709500000| Untracked 
| 114|0x0000000709600000, 0x0000000709600000, 0x0000000709700000|  0%| F|  |TAMS 0x0000000709600000, 0x0000000709600000| Untracked 
| 115|0x0000000709700000, 0x0000000709700000, 0x0000000709800000|  0%| F|  |TAMS 0x0000000709700000, 0x0000000709700000| Untracked 
| 116|0x0000000709800000, 0x0000000709800000, 0x0000000709900000|  0%| F|  |TAMS 0x0000000709800000, 0x0000000709800000| Untracked 
| 117|0x0000000709900000, 0x0000000709900000, 0x0000000709a00000|  0%| F|  |TAMS 0x0000000709900000, 0x0000000709900000| Untracked 
| 118|0x0000000709a00000, 0x0000000709a00000, 0x0000000709b00000|  0%| F|  |TAMS 0x0000000709a00000, 0x0000000709a00000| Untracked 
| 119|0x0000000709b00000, 0x0000000709b00000, 0x0000000709c00000|  0%| F|  |TAMS 0x0000000709b00000, 0x0000000709b00000| Untracked 
| 120|0x0000000709c00000, 0x0000000709c00000, 0x0000000709d00000|  0%| F|  |TAMS 0x0000000709c00000, 0x0000000709c00000| Untracked 
| 121|0x0000000709d00000, 0x0000000709d00000, 0x0000000709e00000|  0%| F|  |TAMS 0x0000000709d00000, 0x0000000709d00000| Untracked 
| 122|0x0000000709e00000, 0x0000000709e00000, 0x0000000709f00000|  0%| F|  |TAMS 0x0000000709e00000, 0x0000000709e00000| Untracked 
| 123|0x0000000709f00000, 0x0000000709f00000, 0x000000070a000000|  0%| F|  |TAMS 0x0000000709f00000, 0x0000000709f00000| Untracked 
| 124|0x000000070a000000, 0x000000070a000000, 0x000000070a100000|  0%| F|  |TAMS 0x000000070a000000, 0x000000070a000000| Untracked 
| 125|0x000000070a100000, 0x000000070a100000, 0x000000070a200000|  0%| F|  |TAMS 0x000000070a100000, 0x000000070a100000| Untracked 
| 126|0x000000070a200000, 0x000000070a200000, 0x000000070a300000|  0%| F|  |TAMS 0x000000070a200000, 0x000000070a200000| Untracked 
| 127|0x000000070a300000, 0x000000070a300000, 0x000000070a400000|  0%| F|  |TAMS 0x000000070a300000, 0x000000070a300000| Untracked 
| 128|0x000000070a400000, 0x000000070a400000, 0x000000070a500000|  0%| F|  |TAMS 0x000000070a400000, 0x000000070a400000| Untracked 
| 129|0x000000070a500000, 0x000000070a500000, 0x000000070a600000|  0%| F|  |TAMS 0x000000070a500000, 0x000000070a500000| Untracked 
| 130|0x000000070a600000, 0x000000070a600000, 0x000000070a700000|  0%| F|  |TAMS 0x000000070a600000, 0x000000070a600000| Untracked 
| 131|0x000000070a700000, 0x000000070a700000, 0x000000070a800000|  0%| F|  |TAMS 0x000000070a700000, 0x000000070a700000| Untracked 
| 132|0x000000070a800000, 0x000000070a800000, 0x000000070a900000|  0%| F|  |TAMS 0x000000070a800000, 0x000000070a800000| Untracked 
| 133|0x000000070a900000, 0x000000070a900000, 0x000000070aa00000|  0%| F|  |TAMS 0x000000070a900000, 0x000000070a900000| Untracked 
| 134|0x000000070aa00000, 0x000000070aa00000, 0x000000070ab00000|  0%| F|  |TAMS 0x000000070aa00000, 0x000000070aa00000| Untracked 
| 135|0x000000070ab00000, 0x000000070ab00000, 0x000000070ac00000|  0%| F|  |TAMS 0x000000070ab00000, 0x000000070ab00000| Untracked 
| 136|0x000000070ac00000, 0x000000070ac00000, 0x000000070ad00000|  0%| F|  |TAMS 0x000000070ac00000, 0x000000070ac00000| Untracked 
| 137|0x000000070ad00000, 0x000000070ad00000, 0x000000070ae00000|  0%| F|  |TAMS 0x000000070ad00000, 0x000000070ad00000| Untracked 
| 138|0x000000070ae00000, 0x000000070ae00000, 0x000000070af00000|  0%| F|  |TAMS 0x000000070ae00000, 0x000000070ae00000| Untracked 
| 139|0x000000070af00000, 0x000000070af00000, 0x000000070b000000|  0%| F|  |TAMS 0x000000070af00000, 0x000000070af00000| Untracked 
| 140|0x000000070b000000, 0x000000070b000000, 0x000000070b100000|  0%| F|  |TAMS 0x000000070b000000, 0x000000070b000000| Untracked 
| 141|0x000000070b100000, 0x000000070b100000, 0x000000070b200000|  0%| F|  |TAMS 0x000000070b100000, 0x000000070b100000| Untracked 
| 142|0x000000070b200000, 0x000000070b200000, 0x000000070b300000|  0%| F|  |TAMS 0x000000070b200000, 0x000000070b200000| Untracked 
| 143|0x000000070b300000, 0x000000070b300000, 0x000000070b400000|  0%| F|  |TAMS 0x000000070b300000, 0x000000070b300000| Untracked 
| 144|0x000000070b400000, 0x000000070b400000, 0x000000070b500000|  0%| F|  |TAMS 0x000000070b400000, 0x000000070b400000| Untracked 
| 145|0x000000070b500000, 0x000000070b500000, 0x000000070b600000|  0%| F|  |TAMS 0x000000070b500000, 0x000000070b500000| Untracked 
| 146|0x000000070b600000, 0x000000070b600000, 0x000000070b700000|  0%| F|  |TAMS 0x000000070b600000, 0x000000070b600000| Untracked 
| 147|0x000000070b700000, 0x000000070b700000, 0x000000070b800000|  0%| F|  |TAMS 0x000000070b700000, 0x000000070b700000| Untracked 
| 148|0x000000070b800000, 0x000000070b800000, 0x000000070b900000|  0%| F|  |TAMS 0x000000070b800000, 0x000000070b800000| Untracked 
| 149|0x000000070b900000, 0x000000070b900000, 0x000000070ba00000|  0%| F|  |TAMS 0x000000070b900000, 0x000000070b900000| Untracked 
| 150|0x000000070ba00000, 0x000000070ba00000, 0x000000070bb00000|  0%| F|  |TAMS 0x000000070ba00000, 0x000000070ba00000| Untracked 
| 151|0x000000070bb00000, 0x000000070bb00000, 0x000000070bc00000|  0%| F|  |TAMS 0x000000070bb00000, 0x000000070bb00000| Untracked 
| 152|0x000000070bc00000, 0x000000070bc00000, 0x000000070bd00000|  0%| F|  |TAMS 0x000000070bc00000, 0x000000070bc00000| Untracked 
| 153|0x000000070bd00000, 0x000000070bd00000, 0x000000070be00000|  0%| F|  |TAMS 0x000000070bd00000, 0x000000070bd00000| Untracked 
| 154|0x000000070be00000, 0x000000070be00000, 0x000000070bf00000|  0%| F|  |TAMS 0x000000070be00000, 0x000000070be00000| Untracked 
| 155|0x000000070bf00000, 0x000000070bf00000, 0x000000070c000000|  0%| F|  |TAMS 0x000000070bf00000, 0x000000070bf00000| Untracked 
| 156|0x000000070c000000, 0x000000070c000000, 0x000000070c100000|  0%| F|  |TAMS 0x000000070c000000, 0x000000070c000000| Untracked 
| 157|0x000000070c100000, 0x000000070c100000, 0x000000070c200000|  0%| F|  |TAMS 0x000000070c100000, 0x000000070c100000| Untracked 
| 158|0x000000070c200000, 0x000000070c200000, 0x000000070c300000|  0%| F|  |TAMS 0x000000070c200000, 0x000000070c200000| Untracked 
| 159|0x000000070c300000, 0x000000070c300000, 0x000000070c400000|  0%| F|  |TAMS 0x000000070c300000, 0x000000070c300000| Untracked 
| 160|0x000000070c400000, 0x000000070c400000, 0x000000070c500000|  0%| F|  |TAMS 0x000000070c400000, 0x000000070c400000| Untracked 
| 161|0x000000070c500000, 0x000000070c500000, 0x000000070c600000|  0%| F|  |TAMS 0x000000070c500000, 0x000000070c500000| Untracked 
| 162|0x000000070c600000, 0x000000070c600000, 0x000000070c700000|  0%| F|  |TAMS 0x000000070c600000, 0x000000070c600000| Untracked 
| 163|0x000000070c700000, 0x000000070c700000, 0x000000070c800000|  0%| F|  |TAMS 0x000000070c700000, 0x000000070c700000| Untracked 
| 164|0x000000070c800000, 0x000000070c800000, 0x000000070c900000|  0%| F|  |TAMS 0x000000070c800000, 0x000000070c800000| Untracked 
| 165|0x000000070c900000, 0x000000070c900000, 0x000000070ca00000|  0%| F|  |TAMS 0x000000070c900000, 0x000000070c900000| Untracked 
| 166|0x000000070ca00000, 0x000000070ca00000, 0x000000070cb00000|  0%| F|  |TAMS 0x000000070ca00000, 0x000000070ca00000| Untracked 
| 167|0x000000070cb00000, 0x000000070cb00000, 0x000000070cc00000|  0%| F|  |TAMS 0x000000070cb00000, 0x000000070cb00000| Untracked 
| 168|0x000000070cc00000, 0x000000070cc00000, 0x000000070cd00000|  0%| F|  |TAMS 0x000000070cc00000, 0x000000070cc00000| Untracked 
| 169|0x000000070cd00000, 0x000000070cd00000, 0x000000070ce00000|  0%| F|  |TAMS 0x000000070cd00000, 0x000000070cd00000| Untracked 
| 170|0x000000070ce00000, 0x000000070ce00000, 0x000000070cf00000|  0%| F|  |TAMS 0x000000070ce00000, 0x000000070ce00000| Untracked 
| 171|0x000000070cf00000, 0x000000070cf00000, 0x000000070d000000|  0%| F|  |TAMS 0x000000070cf00000, 0x000000070cf00000| Untracked 
| 172|0x000000070d000000, 0x000000070d000000, 0x000000070d100000|  0%| F|  |TAMS 0x000000070d000000, 0x000000070d000000| Untracked 
| 173|0x000000070d100000, 0x000000070d100000, 0x000000070d200000|  0%| F|  |TAMS 0x000000070d100000, 0x000000070d100000| Untracked 
| 174|0x000000070d200000, 0x000000070d200000, 0x000000070d300000|  0%| F|  |TAMS 0x000000070d200000, 0x000000070d200000| Untracked 
| 175|0x000000070d300000, 0x000000070d300000, 0x000000070d400000|  0%| F|  |TAMS 0x000000070d300000, 0x000000070d300000| Untracked 
| 176|0x000000070d400000, 0x000000070d400000, 0x000000070d500000|  0%| F|  |TAMS 0x000000070d400000, 0x000000070d400000| Untracked 
| 177|0x000000070d500000, 0x000000070d500000, 0x000000070d600000|  0%| F|  |TAMS 0x000000070d500000, 0x000000070d500000| Untracked 
| 178|0x000000070d600000, 0x000000070d600000, 0x000000070d700000|  0%| F|  |TAMS 0x000000070d600000, 0x000000070d600000| Untracked 
| 179|0x000000070d700000, 0x000000070d700000, 0x000000070d800000|  0%| F|  |TAMS 0x000000070d700000, 0x000000070d700000| Untracked 
| 180|0x000000070d800000, 0x000000070d800000, 0x000000070d900000|  0%| F|  |TAMS 0x000000070d800000, 0x000000070d800000| Untracked 
| 181|0x000000070d900000, 0x000000070d900000, 0x000000070da00000|  0%| F|  |TAMS 0x000000070d900000, 0x000000070d900000| Untracked 
| 182|0x000000070da00000, 0x000000070da00000, 0x000000070db00000|  0%| F|  |TAMS 0x000000070da00000, 0x000000070da00000| Untracked 
| 183|0x000000070db00000, 0x000000070db00000, 0x000000070dc00000|  0%| F|  |TAMS 0x000000070db00000, 0x000000070db00000| Untracked 
| 184|0x000000070dc00000, 0x000000070dc00000, 0x000000070dd00000|  0%| F|  |TAMS 0x000000070dc00000, 0x000000070dc00000| Untracked 
| 185|0x000000070dd00000, 0x000000070dd00000, 0x000000070de00000|  0%| F|  |TAMS 0x000000070dd00000, 0x000000070dd00000| Untracked 
| 186|0x000000070de00000, 0x000000070de00000, 0x000000070df00000|  0%| F|  |TAMS 0x000000070de00000, 0x000000070de00000| Untracked 
| 187|0x000000070df00000, 0x000000070df00000, 0x000000070e000000|  0%| F|  |TAMS 0x000000070df00000, 0x000000070df00000| Untracked 
| 188|0x000000070e000000, 0x000000070e000000, 0x000000070e100000|  0%| F|  |TAMS 0x000000070e000000, 0x000000070e000000| Untracked 
| 189|0x000000070e100000, 0x000000070e100000, 0x000000070e200000|  0%| F|  |TAMS 0x000000070e100000, 0x000000070e100000| Untracked 
| 190|0x000000070e200000, 0x000000070e200000, 0x000000070e300000|  0%| F|  |TAMS 0x000000070e200000, 0x000000070e200000| Untracked 
| 191|0x000000070e300000, 0x000000070e300000, 0x000000070e400000|  0%| F|  |TAMS 0x000000070e300000, 0x000000070e300000| Untracked 
| 192|0x000000070e400000, 0x000000070e400000, 0x000000070e500000|  0%| F|  |TAMS 0x000000070e400000, 0x000000070e400000| Untracked 
| 193|0x000000070e500000, 0x000000070e500000, 0x000000070e600000|  0%| F|  |TAMS 0x000000070e500000, 0x000000070e500000| Untracked 
| 194|0x000000070e600000, 0x000000070e600000, 0x000000070e700000|  0%| F|  |TAMS 0x000000070e600000, 0x000000070e600000| Untracked 
| 195|0x000000070e700000, 0x000000070e700000, 0x000000070e800000|  0%| F|  |TAMS 0x000000070e700000, 0x000000070e700000| Untracked 
| 196|0x000000070e800000, 0x000000070e800000, 0x000000070e900000|  0%| F|  |TAMS 0x000000070e800000, 0x000000070e800000| Untracked 
| 197|0x000000070e900000, 0x000000070e900000, 0x000000070ea00000|  0%| F|  |TAMS 0x000000070e900000, 0x000000070e900000| Untracked 
| 198|0x000000070ea00000, 0x000000070ea00000, 0x000000070eb00000|  0%| F|  |TAMS 0x000000070ea00000, 0x000000070ea00000| Untracked 
| 199|0x000000070eb00000, 0x000000070eb00000, 0x000000070ec00000|  0%| F|  |TAMS 0x000000070eb00000, 0x000000070eb00000| Untracked 
| 200|0x000000070ec00000, 0x000000070ec00000, 0x000000070ed00000|  0%| F|  |TAMS 0x000000070ec00000, 0x000000070ec00000| Untracked 
| 201|0x000000070ed00000, 0x000000070ed00000, 0x000000070ee00000|  0%| F|  |TAMS 0x000000070ed00000, 0x000000070ed00000| Untracked 
| 202|0x000000070ee00000, 0x000000070ee00000, 0x000000070ef00000|  0%| F|  |TAMS 0x000000070ee00000, 0x000000070ee00000| Untracked 
| 203|0x000000070ef00000, 0x000000070ef00000, 0x000000070f000000|  0%| F|  |TAMS 0x000000070ef00000, 0x000000070ef00000| Untracked 
| 204|0x000000070f000000, 0x000000070f000000, 0x000000070f100000|  0%| F|  |TAMS 0x000000070f000000, 0x000000070f000000| Untracked 
| 205|0x000000070f100000, 0x000000070f100000, 0x000000070f200000|  0%| F|  |TAMS 0x000000070f100000, 0x000000070f100000| Untracked 
| 206|0x000000070f200000, 0x000000070f200000, 0x000000070f300000|  0%| F|  |TAMS 0x000000070f200000, 0x000000070f200000| Untracked 
| 207|0x000000070f300000, 0x000000070f300000, 0x000000070f400000|  0%| F|  |TAMS 0x000000070f300000, 0x000000070f300000| Untracked 
| 208|0x000000070f400000, 0x000000070f400000, 0x000000070f500000|  0%| F|  |TAMS 0x000000070f400000, 0x000000070f400000| Untracked 
| 209|0x000000070f500000, 0x000000070f500000, 0x000000070f600000|  0%| F|  |TAMS 0x000000070f500000, 0x000000070f500000| Untracked 
| 210|0x000000070f600000, 0x000000070f600000, 0x000000070f700000|  0%| F|  |TAMS 0x000000070f600000, 0x000000070f600000| Untracked 
| 211|0x000000070f700000, 0x000000070f700000, 0x000000070f800000|  0%| F|  |TAMS 0x000000070f700000, 0x000000070f700000| Untracked 
| 212|0x000000070f800000, 0x000000070f800000, 0x000000070f900000|  0%| F|  |TAMS 0x000000070f800000, 0x000000070f800000| Untracked 
| 213|0x000000070f900000, 0x000000070f900000, 0x000000070fa00000|  0%| F|  |TAMS 0x000000070f900000, 0x000000070f900000| Untracked 
| 214|0x000000070fa00000, 0x000000070fa00000, 0x000000070fb00000|  0%| F|  |TAMS 0x000000070fa00000, 0x000000070fa00000| Untracked 
| 215|0x000000070fb00000, 0x000000070fb00000, 0x000000070fc00000|  0%| F|  |TAMS 0x000000070fb00000, 0x000000070fb00000| Untracked 
| 216|0x000000070fc00000, 0x000000070fc00000, 0x000000070fd00000|  0%| F|  |TAMS 0x000000070fc00000, 0x000000070fc00000| Untracked 
| 217|0x000000070fd00000, 0x000000070fd00000, 0x000000070fe00000|  0%| F|  |TAMS 0x000000070fd00000, 0x000000070fd00000| Untracked 
| 218|0x000000070fe00000, 0x000000070fe00000, 0x000000070ff00000|  0%| F|  |TAMS 0x000000070fe00000, 0x000000070fe00000| Untracked 
| 219|0x000000070ff00000, 0x000000070ff00000, 0x0000000710000000|  0%| F|  |TAMS 0x000000070ff00000, 0x000000070ff00000| Untracked 
| 220|0x0000000710000000, 0x0000000710000000, 0x0000000710100000|  0%| F|  |TAMS 0x0000000710000000, 0x0000000710000000| Untracked 
| 221|0x0000000710100000, 0x0000000710100000, 0x0000000710200000|  0%| F|  |TAMS 0x0000000710100000, 0x0000000710100000| Untracked 
| 222|0x0000000710200000, 0x0000000710200000, 0x0000000710300000|  0%| F|  |TAMS 0x0000000710200000, 0x0000000710200000| Untracked 
| 223|0x0000000710300000, 0x0000000710300000, 0x0000000710400000|  0%| F|  |TAMS 0x0000000710300000, 0x0000000710300000| Untracked 
| 224|0x0000000710400000, 0x0000000710400000, 0x0000000710500000|  0%| F|  |TAMS 0x0000000710400000, 0x0000000710400000| Untracked 
| 225|0x0000000710500000, 0x0000000710500000, 0x0000000710600000|  0%| F|  |TAMS 0x0000000710500000, 0x0000000710500000| Untracked 
| 226|0x0000000710600000, 0x0000000710600000, 0x0000000710700000|  0%| F|  |TAMS 0x0000000710600000, 0x0000000710600000| Untracked 
| 227|0x0000000710700000, 0x0000000710700000, 0x0000000710800000|  0%| F|  |TAMS 0x0000000710700000, 0x0000000710700000| Untracked 
| 228|0x0000000710800000, 0x0000000710800000, 0x0000000710900000|  0%| F|  |TAMS 0x0000000710800000, 0x0000000710800000| Untracked 
| 229|0x0000000710900000, 0x0000000710900000, 0x0000000710a00000|  0%| F|  |TAMS 0x0000000710900000, 0x0000000710900000| Untracked 
| 230|0x0000000710a00000, 0x0000000710a00000, 0x0000000710b00000|  0%| F|  |TAMS 0x0000000710a00000, 0x0000000710a00000| Untracked 
| 231|0x0000000710b00000, 0x0000000710b00000, 0x0000000710c00000|  0%| F|  |TAMS 0x0000000710b00000, 0x0000000710b00000| Untracked 
| 232|0x0000000710c00000, 0x0000000710c00000, 0x0000000710d00000|  0%| F|  |TAMS 0x0000000710c00000, 0x0000000710c00000| Untracked 
| 233|0x0000000710d00000, 0x0000000710d00000, 0x0000000710e00000|  0%| F|  |TAMS 0x0000000710d00000, 0x0000000710d00000| Untracked 
| 234|0x0000000710e00000, 0x0000000710e00000, 0x0000000710f00000|  0%| F|  |TAMS 0x0000000710e00000, 0x0000000710e00000| Untracked 
| 235|0x0000000710f00000, 0x0000000710f00000, 0x0000000711000000|  0%| F|  |TAMS 0x0000000710f00000, 0x0000000710f00000| Untracked 
| 236|0x0000000711000000, 0x0000000711000000, 0x0000000711100000|  0%| F|  |TAMS 0x0000000711000000, 0x0000000711000000| Untracked 
| 237|0x0000000711100000, 0x0000000711100000, 0x0000000711200000|  0%| F|  |TAMS 0x0000000711100000, 0x0000000711100000| Untracked 
| 238|0x0000000711200000, 0x0000000711200000, 0x0000000711300000|  0%| F|  |TAMS 0x0000000711200000, 0x0000000711200000| Untracked 
| 239|0x0000000711300000, 0x0000000711300000, 0x0000000711400000|  0%| F|  |TAMS 0x0000000711300000, 0x0000000711300000| Untracked 
| 240|0x0000000711400000, 0x0000000711400000, 0x0000000711500000|  0%| F|  |TAMS 0x0000000711400000, 0x0000000711400000| Untracked 
| 241|0x0000000711500000, 0x0000000711500000, 0x0000000711600000|  0%| F|  |TAMS 0x0000000711500000, 0x0000000711500000| Untracked 
| 242|0x0000000711600000, 0x0000000711600000, 0x0000000711700000|  0%| F|  |TAMS 0x0000000711600000, 0x0000000711600000| Untracked 
| 243|0x0000000711700000, 0x0000000711700000, 0x0000000711800000|  0%| F|  |TAMS 0x0000000711700000, 0x0000000711700000| Untracked 
| 244|0x0000000711800000, 0x0000000711800000, 0x0000000711900000|  0%| F|  |TAMS 0x0000000711800000, 0x0000000711800000| Untracked 
| 245|0x0000000711900000, 0x0000000711900000, 0x0000000711a00000|  0%| F|  |TAMS 0x0000000711900000, 0x0000000711900000| Untracked 
| 246|0x0000000711a00000, 0x0000000711a00000, 0x0000000711b00000|  0%| F|  |TAMS 0x0000000711a00000, 0x0000000711a00000| Untracked 
| 247|0x0000000711b00000, 0x0000000711b7b628, 0x0000000711c00000| 48%| E|  |TAMS 0x0000000711b00000, 0x0000000711b00000| Complete 
| 248|0x0000000711c00000, 0x0000000711d00000, 0x0000000711d00000|100%| E|CS|TAMS 0x0000000711c00000, 0x0000000711c00000| Complete 
| 249|0x0000000711d00000, 0x0000000711e00000, 0x0000000711e00000|100%| E|  |TAMS 0x0000000711d00000, 0x0000000711d00000| Complete 
| 250|0x0000000711e00000, 0x0000000711f00000, 0x0000000711f00000|100%| E|CS|TAMS 0x0000000711e00000, 0x0000000711e00000| Complete 
| 251|0x0000000711f00000, 0x0000000712000000, 0x0000000712000000|100%| E|CS|TAMS 0x0000000711f00000, 0x0000000711f00000| Complete 
| 252|0x0000000712000000, 0x0000000712100000, 0x0000000712100000|100%| E|CS|TAMS 0x0000000712000000, 0x0000000712000000| Complete 
| 253|0x0000000712100000, 0x0000000712200000, 0x0000000712200000|100%| E|CS|TAMS 0x0000000712100000, 0x0000000712100000| Complete 

Card table byte_map: [0x0000022aa9d50000,0x0000022aaa540000] _byte_map_base: 0x0000022aa653e000

Marking Bits (Prev, Next): (CMBitMap*) 0x0000022aa93b65a8, (CMBitMap*) 0x0000022aa93b65e0
 Prev Bits: [0x0000022aaad30000, 0x0000022aaeca0000)
 Next Bits: [0x0000022aaeca0000, 0x0000022ab2c10000)

Polling page: 0x0000022a95b40000

Metaspace:

Usage:
  Non-class:      5.74 MB capacity,     5.67 MB ( 99%) used,    64.59 KB (  1%) free+waste,     3.69 KB ( <1%) overhead. 
      Class:    606.00 KB capacity,   545.88 KB ( 90%) used,    58.31 KB ( 10%) free+waste,     1.81 KB ( <1%) overhead. 
       Both:      6.33 MB capacity,     6.21 MB ( 98%) used,   122.90 KB (  2%) free+waste,     5.50 KB ( <1%) overhead. 

Virtual space:
  Non-class space:       14.00 MB reserved,       5.75 MB ( 41%) committed 
      Class space:        1.00 GB reserved,     640.00 KB ( <1%) committed 
             Both:        1.01 GB reserved,       6.38 MB ( <1%) committed 

Chunk freelists:
   Non-Class:  9.00 KB
       Class:  2.00 KB
        Both:  11.00 KB

MaxMetaspaceSize: 17179869184.00 GB
CompressedClassSpaceSize: 1.00 GB
Initial GC threshold: 20.80 MB
Current GC threshold: 20.80 MB
CDS: off

CodeHeap 'non-profiled nmethods': size=120000Kb used=129Kb max_used=129Kb free=119870Kb
 bounds [0x0000022aa1b00000, 0x0000022aa1d70000, 0x0000022aa9030000]
CodeHeap 'profiled nmethods': size=120000Kb used=449Kb max_used=449Kb free=119550Kb
 bounds [0x0000022a9a5d0000, 0x0000022a9a840000, 0x0000022aa1b00000]
CodeHeap 'non-nmethods': size=5760Kb used=1102Kb max_used=1112Kb free=4658Kb
 bounds [0x0000022a9a030000, 0x0000022a9a2a0000, 0x0000022a9a5d0000]
 total_blobs=658 nmethods=313 adapters=258
 compilation: enabled
              stopped_count=0, restarted_count=0
 full_count=0

Compilation events (20 events):
Event: 1.106 Thread 0x0000022ab5f71000 nmethod 301 0x0000022a9a63c510 code [0x0000022a9a63c700, 0x0000022a9a63cae8]
Event: 1.106 Thread 0x0000022ab5f71000  300       3       java.nio.Buffer::hasRemaining (17 bytes)
Event: 1.106 Thread 0x0000022ab5f71000 nmethod 300 0x0000022a9a63cd10 code [0x0000022a9a63cec0, 0x0000022a9a63d018]
Event: 1.106 Thread 0x0000022ab5f71000  302       3       java.nio.Buffer::nextGetIndex (30 bytes)
Event: 1.106 Thread 0x0000022ab5f71000 nmethod 302 0x0000022a9a63d090 code [0x0000022a9a63d260, 0x0000022a9a63d428]
Event: 1.106 Thread 0x0000022ab5f71000  303       3       java.nio.DirectByteBuffer::ix (10 bytes)
Event: 1.106 Thread 0x0000022ab5f71000 nmethod 303 0x0000022a9a63d510 code [0x0000022a9a63d6c0, 0x0000022a9a63d7d8]
Event: 1.106 Thread 0x0000022ab5f71000  304       3       jdk.internal.misc.Unsafe::getByte (7 bytes)
Event: 1.106 Thread 0x0000022ab5f71000 nmethod 304 0x0000022a9a63d890 code [0x0000022a9a63da40, 0x0000022a9a63db58]
Event: 1.106 Thread 0x0000022ab5f71000  306       3       jdk.internal.jimage.ImageStringsReader::unmaskedHashCode (173 bytes)
Event: 1.107 Thread 0x0000022ab5f71000 nmethod 306 0x0000022a9a63dc10 code [0x0000022a9a63de80, 0x0000022a9a63ea78]
Event: 1.107 Thread 0x0000022ab5f71000  307       1       java.nio.Buffer::limit (5 bytes)
Event: 1.107 Thread 0x0000022ab5f71000 nmethod 307 0x0000022aa1b20310 code [0x0000022aa1b204c0, 0x0000022aa1b20578]
Event: 1.107 Thread 0x0000022ab5f71000  308       3       jdk.internal.misc.Unsafe::putObjectRelease (9 bytes)
Event: 1.108 Thread 0x0000022ab5f71000 nmethod 308 0x0000022a9a63ef90 code [0x0000022a9a63f140, 0x0000022a9a63f298]
Event: 1.108 Thread 0x0000022ab5f71000  310       3       java.util.concurrent.ConcurrentHashMap::setTabAt (20 bytes)
Event: 1.108 Thread 0x0000022ab5f71000 nmethod 310 0x0000022a9a63f310 code [0x0000022a9a63f4c0, 0x0000022a9a63f778]
Event: 1.108 Thread 0x0000022ab5f71000  311       3       sun.nio.fs.WindowsPathParser::isSlash (18 bytes)
Event: 1.108 Thread 0x0000022ab5f71000 nmethod 311 0x0000022a9a63f890 code [0x0000022a9a63fa40, 0x0000022a9a63fbb8]
Event: 1.156 Thread 0x0000022ab5f6f000  312       4       java.util.zip.ZipFile$Source::initCEN (697 bytes)

GC Heap History (0 events):
No events

Deoptimization events (20 events):
Event: 0.951 Thread 0x0000022a96485000 DEOPT PACKING pc=0x0000022a9a60a4e0 sp=0x0000006dc9ffb050
Event: 0.951 Thread 0x0000022a96485000 DEOPT UNPACKING pc=0x0000022a9a07a95e sp=0x0000006dc9ffa520 mode 0
Event: 0.951 Thread 0x0000022a96485000 DEOPT PACKING pc=0x0000022a9a60a4e0 sp=0x0000006dc9ffb050
Event: 0.951 Thread 0x0000022a96485000 DEOPT UNPACKING pc=0x0000022a9a07a95e sp=0x0000006dc9ffa520 mode 0
Event: 0.951 Thread 0x0000022a96485000 DEOPT PACKING pc=0x0000022a9a60a4e0 sp=0x0000006dc9ffb050
Event: 0.951 Thread 0x0000022a96485000 DEOPT UNPACKING pc=0x0000022a9a07a95e sp=0x0000006dc9ffa520 mode 0
Event: 0.952 Thread 0x0000022a96485000 DEOPT PACKING pc=0x0000022a9a60a4e0 sp=0x0000006dc9ffb050
Event: 0.952 Thread 0x0000022a96485000 DEOPT UNPACKING pc=0x0000022a9a07a95e sp=0x0000006dc9ffa520 mode 0
Event: 0.952 Thread 0x0000022a96485000 DEOPT PACKING pc=0x0000022a9a60a4e0 sp=0x0000006dc9ffb050
Event: 0.952 Thread 0x0000022a96485000 DEOPT UNPACKING pc=0x0000022a9a07a95e sp=0x0000006dc9ffa520 mode 0
Event: 0.967 Thread 0x0000022a96485000 Uncommon trap: trap_request=0xffffff4d fr.pc=0x0000022aa1b1ad0c relative=0x000000000000016c
Event: 0.967 Thread 0x0000022a96485000 Uncommon trap: reason=unstable_if action=reinterpret pc=0x0000022aa1b1ad0c method=java.lang.ThreadLocal$ThreadLocalMap.getEntry(Ljava/lang/ThreadLocal;)Ljava/lang/ThreadLocal$ThreadLocalMap$Entry; @ 21 c2
Event: 0.967 Thread 0x0000022a96485000 DEOPT PACKING pc=0x0000022aa1b1ad0c sp=0x0000006dc9ffef70
Event: 0.967 Thread 0x0000022a96485000 DEOPT UNPACKING pc=0x0000022a9a07a1af sp=0x0000006dc9ffeeb8 mode 2
Event: 1.156 Thread 0x0000022a96485000 DEOPT PACKING pc=0x0000022a9a5febb2 sp=0x0000006dc9ff95e0
Event: 1.156 Thread 0x0000022a96485000 DEOPT UNPACKING pc=0x0000022a9a07a95e sp=0x0000006dc9ff8bd0 mode 0
Event: 1.158 Thread 0x0000022a96485000 Uncommon trap: trap_request=0xffffff4d fr.pc=0x0000022aa1b09b4c relative=0x0000000000000fac
Event: 1.158 Thread 0x0000022a96485000 Uncommon trap: reason=unstable_if action=reinterpret pc=0x0000022aa1b09b4c method=java.util.zip.ZipFile$Source.initCEN(ILjava/util/zip/ZipCoder;)V @ 235 c2
Event: 1.158 Thread 0x0000022a96485000 DEOPT PACKING pc=0x0000022aa1b09b4c sp=0x0000006dc9ff9720
Event: 1.158 Thread 0x0000022a96485000 DEOPT UNPACKING pc=0x0000022a9a07a1af sp=0x0000006dc9ff96d0 mode 2

Classes redefined (0 events):
No events

Internal exceptions (1 events):
Event: 0.967 Thread 0x0000022a96485000 Implicit null exception at 0x0000022aa1b1abfc to 0x0000022aa1b1acec

Events (20 events):
Event: 1.104 loading class java/nio/DirectIntBufferRU
Event: 1.104 loading class java/nio/DirectIntBufferRU done
Event: 1.104 loading class jdk/internal/jimage/ImageStringsReader
Event: 1.104 loading class jdk/internal/jimage/ImageStrings
Event: 1.104 loading class jdk/internal/jimage/ImageStrings done
Event: 1.104 loading class jdk/internal/jimage/ImageStringsReader done
Event: 1.104 loading class jdk/internal/jimage/decompressor/Decompressor
Event: 1.104 loading class jdk/internal/jimage/decompressor/Decompressor done
Event: 1.105 loading class jdk/internal/jimage/ImageLocation
Event: 1.105 loading class jdk/internal/jimage/ImageLocation done
Event: 1.106 loading class java/util/Collections$EmptyIterator
Event: 1.106 loading class java/util/Collections$EmptyIterator done
Event: 1.106 loading class java/util/Collections$EmptyEnumeration
Event: 1.106 loading class java/util/Collections$EmptyEnumeration done
Event: 1.106 loading class jdk/internal/loader/BuiltinClassLoader$1
Event: 1.106 loading class jdk/internal/loader/BuiltinClassLoader$1 done
Event: 1.107 loading class java/lang/CompoundEnumeration
Event: 1.107 loading class java/lang/CompoundEnumeration done
Event: 1.107 loading class jdk/internal/loader/URLClassPath$1
Event: 1.108 loading class jdk/internal/loader/URLClassPath$1 done


Dynamic libraries:
0x00007ff719760000 - 0x00007ff71976a000 	D:\PyCharm2022.1.3\jbr\bin\java.exe
0x00007ffe56900000 - 0x00007ffe56af0000 	C:\Windows\SYSTEM32\ntdll.dll
0x00007ffe55b30000 - 0x00007ffe55be2000 	C:\Windows\System32\KERNEL32.DLL
0x00007ffe53cd0000 - 0x00007ffe53f75000 	C:\Windows\System32\KERNELBASE.dll
0x00007ffe53a60000 - 0x00007ffe53b5a000 	C:\Windows\System32\ucrtbase.dll
0x00007ffe1bd80000 - 0x00007ffe1bd96000 	D:\PyCharm2022.1.3\jbr\bin\VCRUNTIME140.dll
0x00007ffe3f3c0000 - 0x00007ffe3f3d9000 	D:\PyCharm2022.1.3\jbr\bin\jli.dll
0x00007ffe55ca0000 - 0x00007ffe55e34000 	C:\Windows\System32\USER32.dll
0x00007ffe53b60000 - 0x00007ffe53b81000 	C:\Windows\System32\win32u.dll
0x00007ffe562d0000 - 0x00007ffe562f6000 	C:\Windows\System32\GDI32.dll
0x00007ffe54090000 - 0x00007ffe54228000 	C:\Windows\System32\gdi32full.dll
0x00007ffe53f80000 - 0x00007ffe5401e000 	C:\Windows\System32\msvcp_win.dll
0x00007ffe3e120000 - 0x00007ffe3e223000 	C:\Windows\SYSTEM32\winhafnt64.dll
0x00007ffe56370000 - 0x00007ffe56413000 	C:\Windows\System32\ADVAPI32.dll
0x00007ffe560e0000 - 0x00007ffe5617e000 	C:\Windows\System32\msvcrt.dll
0x00007ffe564a0000 - 0x00007ffe56537000 	C:\Windows\System32\sechost.dll
0x00007ffe567a0000 - 0x00007ffe568bf000 	C:\Windows\System32\RPCRT4.dll
0x00007ffe48280000 - 0x00007ffe4828a000 	C:\Windows\SYSTEM32\VERSION.dll
0x00007ffe34cb0000 - 0x00007ffe34f34000 	C:\Windows\WinSxS\amd64_microsoft.windows.common-controls_6595b64144ccf1df_6.0.18362.1556_none_9e7e372fe45e41d5\COMCTL32.dll
0x00007ffe54a60000 - 0x00007ffe54d96000 	C:\Windows\System32\combase.dll
0x00007ffe53870000 - 0x00007ffe538f1000 	C:\Windows\System32\bcryptPrimitives.dll
0x00007ffe565b0000 - 0x00007ffe565de000 	C:\Windows\System32\IMM32.DLL
0x00007ffe3dae0000 - 0x00007ffe3e100000 	C:\Windows\SYSTEM32\winhadnt64.dll
0x00007ffe55f10000 - 0x00007ffe55f62000 	C:\Windows\System32\SHLWAPI.dll
0x00007ffe54fb0000 - 0x00007ffe55697000 	C:\Windows\System32\SHELL32.dll
0x00007ffe54020000 - 0x00007ffe5406a000 	C:\Windows\System32\cfgmgr32.dll
0x00007ffe55bf0000 - 0x00007ffe55c98000 	C:\Windows\System32\shcore.dll
0x00007ffe54230000 - 0x00007ffe549ab000 	C:\Windows\System32\windows.storage.dll
0x00007ffe53800000 - 0x00007ffe5381e000 	C:\Windows\System32\profapi.dll
0x00007ffe53820000 - 0x00007ffe5386a000 	C:\Windows\System32\powrprof.dll
0x00007ffe537b0000 - 0x00007ffe537c0000 	C:\Windows\System32\UMPDC.dll
0x00007ffe537c0000 - 0x00007ffe537d1000 	C:\Windows\System32\kernel.appcore.dll
0x00007ffe54070000 - 0x00007ffe54087000 	C:\Windows\System32\cryptsp.dll
0x00007ffe55f80000 - 0x00007ffe560d7000 	C:\Windows\System32\ole32.dll
0x00007ffe56180000 - 0x00007ffe56245000 	C:\Windows\System32\OLEAUT32.dll
0x00007ffe56730000 - 0x00007ffe5679f000 	C:\Windows\System32\WS2_32.dll
0x00007ffe3e100000 - 0x00007ffe3e11b000 	C:\Windows\SYSTEM32\MPR.dll
0x00007ffe4e5d0000 - 0x00007ffe4e5f4000 	C:\Windows\SYSTEM32\WINMM.dll
0x00007ffe4e5a0000 - 0x00007ffe4e5cd000 	C:\Windows\SYSTEM32\winmmbase.dll
0x00007ffe3d8b0000 - 0x00007ffe3dadc000 	C:\Windows\SYSTEM32\DtFrame64.dll
0x00007ffe3d870000 - 0x00007ffe3d8a1000 	C:\Windows\SYSTEM32\TIjtdrvd64.dll
0x00007ffe3e230000 - 0x00007ffe3e2b9000 	C:\Windows\SYSTEM32\winspool.drv
0x00007ffe53b90000 - 0x00007ffe53bb6000 	C:\Windows\System32\bcrypt.dll
0x00007ffe514c0000 - 0x00007ffe515af000 	C:\Windows\SYSTEM32\PROPSYS.dll
0x00007ffe52d00000 - 0x00007ffe52d3a000 	C:\Windows\SYSTEM32\IPHLPAPI.DLL
0x00007ffe3d740000 - 0x00007ffe3d862000 	C:\Windows\SYSTEM32\DtsFrame64.dll
0x00007ffe52ff0000 - 0x00007ffe53057000 	C:\Windows\SYSTEM32\mswsock.dll
0x00007ffe56300000 - 0x00007ffe56308000 	C:\Windows\System32\psapi.dll
0x00007ffe3d5c0000 - 0x00007ffe3d737000 	C:\Windows\SYSTEM32\winbrohca64.dll
0x00007ffe3d550000 - 0x00007ffe3d5b5000 	C:\Windows\SYSTEM32\OLEACC.dll
0x00007ffe3d3d0000 - 0x00007ffe3d3dc000 	C:\Windows\SYSTEM32\WinUsb.dll
0x00007ffe556c0000 - 0x00007ffe55b30000 	C:\Windows\System32\setupapi.dll
0x00007ffe3d2b0000 - 0x00007ffe3d3c1000 	C:\Windows\SYSTEM32\TMailHook64.dll
0x00007ffe3d0b0000 - 0x00007ffe3d2a3000 	C:\Windows\SYSTEM32\winncap364.dll
0x00007ffe1bcd0000 - 0x00007ffe1bd7a000 	D:\PyCharm2022.1.3\jbr\bin\msvcp140.dll
0x00007ffdf8f00000 - 0x00007ffdf9a7b000 	D:\PyCharm2022.1.3\jbr\bin\server\jvm.dll
0x00007ffe3b7d0000 - 0x00007ffe3b7d9000 	C:\Windows\SYSTEM32\WSOCK32.dll
0x00007ffe41670000 - 0x00007ffe41681000 	D:\PyCharm2022.1.3\jbr\bin\verify.dll
0x00007ffe51f60000 - 0x00007ffe52154000 	C:\Windows\SYSTEM32\DBGHELP.DLL
0x00007ffe448f0000 - 0x00007ffe4491a000 	C:\Windows\SYSTEM32\dbgcore.DLL
0x00007ffe3f360000 - 0x00007ffe3f389000 	D:\PyCharm2022.1.3\jbr\bin\java.dll
0x00007ffe44630000 - 0x00007ffe4463b000 	D:\PyCharm2022.1.3\jbr\bin\jimage.dll
0x00007ffe3f340000 - 0x00007ffe3f359000 	D:\PyCharm2022.1.3\jbr\bin\zip.dll
0x00007ffe3f0e0000 - 0x00007ffe3f0fa000 	D:\PyCharm2022.1.3\jbr\bin\net.dll
0x00007ffe44920000 - 0x00007ffe44a1a000 	C:\Windows\SYSTEM32\WINHTTP.dll
0x00007ffe3f080000 - 0x00007ffe3f094000 	D:\PyCharm2022.1.3\jbr\bin\nio.dll

dbghelp: loaded successfully - version: 4.0.5 - missing functions: none
symbol engine: initialized successfully - sym options: 0x614 - pdb path: .;D:\PyCharm2022.1.3\jbr\bin;C:\Windows\SYSTEM32;C:\Windows\WinSxS\amd64_microsoft.windows.common-controls_6595b64144ccf1df_6.0.18362.1556_none_9e7e372fe45e41d5;D:\PyCharm2022.1.3\jbr\bin\server

VM Arguments:
java_command: git4idea.http.GitAskPassApp Username for 'https://github.com': 
java_class_path (initial): D:/PyCharm2022.1.3/plugins/git4idea/lib/git4idea-rt.jar;D:/PyCharm2022.1.3/lib/externalProcess-rt.jar;D:/PyCharm2022.1.3/lib/app.jar;D:/PyCharm2022.1.3/lib/3rd-party-rt.jar
Launcher Type: SUN_STANDARD

[Global flags]
     intx CICompilerCount                          = 4                                         {product} {ergonomic}
     uint ConcGCThreads                            = 2                                         {product} {ergonomic}
     uint G1ConcRefinementThreads                  = 8                                         {product} {ergonomic}
   size_t G1HeapRegionSize                         = 1048576                                   {product} {ergonomic}
    uintx GCDrainStackTargetSize                   = 64                                        {product} {ergonomic}
   size_t InitialHeapSize                          = 266338304                                 {product} {ergonomic}
   size_t MarkStackSize                            = 4194304                                   {product} {ergonomic}
   size_t MaxHeapSize                              = 4257218560                                {product} {ergonomic}
   size_t MaxNewSize                               = 2554331136                                {product} {ergonomic}
   size_t MinHeapDeltaBytes                        = 1048576                                   {product} {ergonomic}
    uintx NonNMethodCodeHeapSize                   = 5836300                                {pd product} {ergonomic}
    uintx NonProfiledCodeHeapSize                  = 122910970                              {pd product} {ergonomic}
    uintx ProfiledCodeHeapSize                     = 122910970                              {pd product} {ergonomic}
    uintx ReservedCodeCacheSize                    = 251658240                              {pd product} {ergonomic}
     bool SegmentedCodeCache                       = true                                      {product} {ergonomic}
     bool UseCompressedClassPointers               = true                                 {lp64_product} {ergonomic}
     bool UseCompressedOops                        = true                                 {lp64_product} {ergonomic}
     bool UseG1GC                                  = true                                      {product} {ergonomic}
     bool UseLargePagesIndividualAllocation        = false                                  {pd product} {ergonomic}

Logging:
Log output configuration:
 #0: stdout all=warning uptime,level,tags
 #1: stderr all=off uptime,level,tags

Environment Variables:
JAVA_HOME=C:\Program Files\Java\jdk1.8.0_241
CLASSPATH=.;C:\Program Files\Java\jdk1.8.0_241\lib;C:\Program Files\Java\jdk1.8.0_241\lib\dt.jar;C:\Program Files\Java\jdk1.8.0_241\lib\tools.jar
PATH=C:\Program Files\Git\mingw64\libexec\git-core;C:\Program Files\Git\mingw64\libexec\git-core;C:\Program Files\Git\mingw64\bin;C:\Program Files\Git\usr\bin;C:\Users\sky.jianghuakun\bin;D:\PyCharm2022.1.3\project\TWS_API.git\venv\Scripts;C:\Users\sky.jianghuakun\AppData\Local\Programs\Python\Python36\Scripts;C:\Users\sky.jianghuakun\AppData\Local\Programs\Python\Python36;C:\Program Files (x86)\Common Files\Oracle\Java\javapath;D:\python\python36-64\Scripts;D:\python\python36-64;C:\Windows\system32;C:\Windows;C:\Windows\System32\Wbem;C:\Windows\System32\WindowsPowerShell\v1.0;C:\Windows\System32\OpenSSH;C:\Program Files\Java\jdk1.8.0_241\bin;C:\Program Files\Java\jdk1.8.0_241\jre\bin;D:\Program Files (x86)\Windows Kits\10\Windows Performance Toolkit;% ANDROID_SDK_HOME%\platform-tools;% ANDROID_SDK_HOME%\tools;D:\soft\android-sdk-windows\platform-tools;C:\Program Files\TortoiseSVN\bin;D:\Program Files\nodejs;C:\Program Files\Git\cmd;D:\java\apache-tomcat-9.0.20\li;D:\java\apache-tomcat-9.0.20\bin";C:\Program Files (x86)\GnuWin32\bin;C:\Users\sky.jianghuakun\AppData\Local\Programs\Python\Python311\Scripts;C:\Users\sky.jianghuakun\AppData\Local\Programs\Python\Python311;C:\Users\sky.jianghuakun\AppData\Local\Microsoft\WindowsApps;D:\python\python36-64\Scripts;C:\Users\sky.jianghuakun\AppData\Local\Google\Chrome\Application;C:\Program Files (x86)\SSH Communications Security\SSH Secure Shell;C:\Program Files\Docker Toolbox;C:\Users\sky.jianghuakun\AppData\Local\Programs\Fiddler;C:\Users\sky.jianghuakun\AppData\Roaming\npm;D:\Program Files\nodejs
USERNAME=sky.jianghuakun
DISPLAY=:0.0
LC_ALL=en_US.UTF-8
OS=Windows_NT
PROCESSOR_IDENTIFIER=Intel64 Family 6 Model 142 Stepping 12, GenuineIntel



---------------  S Y S T E M  ---------------

OS: Windows 10 , 64 bit Build 18362 (10.0.18362.1500)
OS uptime: 36 days 2:15 hours

CPU:total 8 (initial active 8) (4 cores per cpu, 2 threads per core) family 6 model 142 stepping 12 microcode 0xea, cmov, cx8, fxsr, mmx, sse, sse2, sse3, ssse3, sse4.1, sse4.2, popcnt, avx, avx2, aes, clmul, erms, 3dnowpref, lzcnt, ht, tsc, tscinvbit, bmi1, bmi2, adx, fma

Memory: 4k page, system-wide physical 16232M (2635M free)
TotalPageFile size 16232M (AvailPageFile size 402M)
current process WorkingSet (physical memory assigned to process): 74M, peak: 74M
current process commit charge ("private bytes"): 346M, peak: 346M

vm_info: OpenJDK 64-Bit Server VM (11.0.15+10-b2043.56) for windows-amd64 JRE (11.0.15+10-b2043.56), built on May 16 2022 02:28:12 by "" with MS VC++ 14.0 (VS2015)

END.
